[21:05:07] [main/INFO] (FabricLoader/GameProvider) Loading Minecraft 1.20.4 with Fabric Loader 0.15.10
[21:05:07] [main/INFO] (FabricLoader) Loading 57 mods:
	- fabric-api 0.97.0+1.20.4
	- fabric-api-base 0.4.37+78d798af4f
	- fabric-api-lookup-api-v1 1.6.50+82b1bb3e4f
	- fabric-biome-api-v1 13.0.17+78d798af4f
	- fabric-block-api-v1 1.0.17+3e2216cb4f
	- fabric-block-view-api-v2 1.0.5+78d798af4f
	- fabric-blockrenderlayer-v1 1.1.47+78d798af4f
	- fabric-client-tags-api-v1 1.1.8+78d798af4f
	- fabric-command-api-v1 1.2.42+f71b366f4f
	- fabric-command-api-v2 2.2.21+78d798af4f
	- fabric-commands-v0 0.2.59+df3654b34f
	- fabric-containers-v0 0.1.87+df3654b34f
	- fabric-content-registries-v0 5.0.16+78d798af4f
	- fabric-convention-tags-v1 1.5.11+78d798af4f
	- fabric-crash-report-info-v1 0.2.24+78d798af4f
	- fabric-data-attachment-api-v1 1.1.5+b90db5744f
	- fabric-data-generation-api-v1 13.2.5+5c0133444f
	- fabric-dimensions-v1 2.1.62+78d798af4f
	- fabric-entity-events-v1 1.6.2+09fc25014f
	- fabric-events-interaction-v0 0.7.2+389931eb4f
	- fabric-events-lifecycle-v0 0.2.75+df3654b34f
	- fabric-game-rule-api-v1 1.0.47+78d798af4f
	- fabric-gametest-api-v1 1.3.6+85d85a934f
	- fabric-item-api-v1 2.3.0+bcdd12964f
	- fabric-item-group-api-v1 4.0.27+ee30b13a4f
	- fabric-key-binding-api-v1 1.0.42+78d798af4f
	- fabric-keybindings-v0 0.2.40+df3654b34f
	- fabric-lifecycle-events-v1 2.3.1+a67ffb5d4f
	- fabric-loot-api-v2 2.1.10+78d798af4f
	- fabric-message-api-v1 6.0.6+78d798af4f
	- fabric-mining-level-api-v1 2.1.66+78d798af4f
	- fabric-model-loading-api-v1 1.0.9+78d798af4f
	- fabric-models-v0 0.4.8+9386d8a74f
	- fabric-networking-api-v1 3.1.8+2e5ac5484f
	- fabric-object-builder-api-v1 13.1.0+dba1195c4f
	- fabric-particles-v1 1.1.8+78d798af4f
	- fabric-recipe-api-v1 2.0.21+78d798af4f
	- fabric-registry-sync-v0 4.0.20+ee30b13a4f
	- fabric-renderer-api-v1 3.2.5+78d798af4f
	- fabric-renderer-indigo 1.5.5+78d798af4f
	- fabric-renderer-registries-v1 3.2.54+df3654b34f
	- fabric-rendering-data-attachment-v1 0.3.43+73761d2e4f
	- fabric-rendering-fluids-v1 3.1.2+e761c6694f
	- fabric-rendering-v0 1.1.57+df3654b34f
	- fabric-rendering-v1 3.2.1+6fd945a04f
	- fabric-resource-conditions-api-v1 2.3.15+78d798af4f
	- fabric-resource-loader-v0 0.11.21+ee30b13a4f
	- fabric-screen-api-v1 2.0.18+78d798af4f
	- fabric-screen-handler-api-v1 1.3.56+78d798af4f
	- fabric-sound-api-v1 1.0.18+78d798af4f
	- fabric-transfer-api-v1 4.0.12+90f2d7b14f
	- fabric-transitive-access-wideners-v1 5.0.15+78d798af4f
	- fabricloader 0.15.10
	- itk_hot 1.0-SNAPSHOT
	- java 17
	- minecraft 1.20.4
	- mixinextras 0.3.5
[21:05:07] [main/INFO] (FabricLoader/Mixin) SpongePowered MIXIN Subsystem Version=0.8.5 Source=file:/opt/gradle/caches/modules-2/files-2.1/net.fabricmc/sponge-mixin/0.13.3+mixin.0.8.5/9527e6b0d2449408958fd1302594dc65ec5ade9c/sponge-mixin-0.13.3+mixin.0.8.5.jar Service=Knot/Fabric Env=CLIENT
[21:05:07] [main/INFO] (FabricLoader/Mixin) Loaded Fabric development mappings for mixin remapper!
[21:05:07] [main/INFO] (FabricLoader/Mixin) Compatibility level set to JAVA_17
[21:05:09] [main/INFO] (FabricLoader/MixinExtras|Service) Initializing MixinExtras via com.llamalad7.mixinextras.service.MixinExtrasServiceImpl(version=0.3.5).
[21:05:14] [Datafixer Bootstrap/INFO] (Minecraft) 198 Datafixer optimizations took 226 milliseconds
[21:05:16] [Render thread/INFO] (Minecraft) Environment: Environment[sessionHost=https://sessionserver.mojang.com, servicesHost=https://api.minecraftservices.com, name=PROD]
[21:05:16] [Render thread/INFO] (Minecraft) Setting user: Player126
[21:05:17] [Render thread/INFO] (fabric-networking-api-v1) Force Packet Serialization is enabled to mimic remote connection on single player, this is the default behaviour on dev env. Add -Dfabric-api.networking.force-packet-serialization=false JVM arg to disable it.
[21:05:17] [Render thread/INFO] (Indigo) [Indigo] Registering Indigo renderer!
[21:05:17] [Download-2/ERROR] (Minecraft) Failed to fetch user properties
com.mojang.authlib.exceptions.InvalidCredentialsException: Status: 401
	at com.mojang.authlib.exceptions.MinecraftClientHttpException.toAuthenticationException(MinecraftClientHttpException.java:59) ~[authlib-6.0.52.jar:?]
	at com.mojang.authlib.yggdrasil.YggdrasilUserApiService.fetchProperties(YggdrasilUserApiService.java:150) ~[authlib-6.0.52.jar:?]
	at net.minecraft.client.MinecraftClient.method_55608(MinecraftClient.java:526) ~[minecraft-merged-dd71698084-1.20.4-net.fabricmc.yarn.1_20_4.1.20.4+build.3-v2.jar:?]
	at java.util.concurrent.CompletableFuture$AsyncSupply.run(CompletableFuture.java:1768) ~[?:?]
	at java.util.concurrent.ThreadPoolExecutor.runWorker(ThreadPoolExecutor.java:1136) ~[?:?]
	at java.util.concurrent.ThreadPoolExecutor$Worker.run(ThreadPoolExecutor.java:635) ~[?:?]
	at java.lang.Thread.run(Thread.java:840) ~[?:?]
Caused by: com.mojang.authlib.exceptions.MinecraftClientHttpException: Status: 401
	at com.mojang.authlib.minecraft.client.MinecraftClient.readInputStream(MinecraftClient.java:100) ~[authlib-6.0.52.jar:?]
	at com.mojang.authlib.minecraft.client.MinecraftClient.get(MinecraftClient.java:57) ~[authlib-6.0.52.jar:?]
	at com.mojang.authlib.yggdrasil.YggdrasilUserApiService.fetchProperties(YggdrasilUserApiService.java:121) ~[authlib-6.0.52.jar:?]
	... 5 more
[21:05:17] [Render thread/INFO] (Minecraft) Backend library: LWJGL version 3.3.2-snapshot
[21:05:18] [Render thread/INFO] (Minecraft) Reloading ResourceManager: vanilla, fabric, fabric-api, fabric-api-base, fabric-api-lookup-api-v1, fabric-biome-api-v1, fabric-block-api-v1, fabric-block-view-api-v2, fabric-blockrenderlayer-v1, fabric-client-tags-api-v1, fabric-command-api-v1, fabric-command-api-v2, fabric-commands-v0, fabric-containers-v0, fabric-content-registries-v0, fabric-convention-tags-v1, fabric-crash-report-info-v1, fabric-data-attachment-api-v1, fabric-data-generation-api-v1, fabric-dimensions-v1, fabric-entity-events-v1, fabric-events-interaction-v0, fabric-events-lifecycle-v0, fabric-game-rule-api-v1, fabric-gametest-api-v1, fabric-item-api-v1, fabric-item-group-api-v1, fabric-key-binding-api-v1, fabric-keybindings-v0, fabric-lifecycle-events-v1, fabric-loot-api-v2, fabric-message-api-v1, fabric-mining-level-api-v1, fabric-model-loading-api-v1, fabric-models-v0, fabric-networking-api-v1, fabric-object-builder-api-v1, fabric-particles-v1, fabric-recipe-api-v1, fabric-registry-sync-v0, fabric-renderer-api-v1, fabric-renderer-indigo, fabric-renderer-registries-v1, fabric-rendering-data-attachment-v1, fabric-rendering-fluids-v1, fabric-rendering-v0, fabric-rendering-v1, fabric-resource-conditions-api-v1, fabric-resource-loader-v0, fabric-screen-api-v1, fabric-screen-handler-api-v1, fabric-sound-api-v1, fabric-transfer-api-v1, fabric-transitive-access-wideners-v1, fabricloader
[21:05:18] [Worker-Main-1/INFO] (Minecraft) Found unifont_all_no_pua-15.1.04.hex, loading
[21:05:20] [Worker-Main-6/WARN] (Minecraft) Exception loading blockstate definition: 'itkock:blockstates/example_block.json' missing model for variant: 'itkock:example_block#'
[21:05:20] [Worker-Main-6/WARN] (Minecraft) Unable to load model: 'itkock:example_block#inventory' referenced from: itkock:example_block#inventory: java.io.FileNotFoundException: itkock:models/item/example_block.json
[21:05:21] [Render thread/WARN] (Minecraft) Missing sound for event: minecraft:item.goat_horn.play
[21:05:21] [Render thread/WARN] (Minecraft) Missing sound for event: minecraft:entity.goat.screaming.horn_break
[21:05:21] [Render thread/WARN] (Minecraft) Missing sound for event: minecraft:entity.generic.wind_burst
[21:05:21] [Render thread/INFO] (Minecraft) OpenAL initialized on device Built-in Audio Digital Stereo (HDMI)
[21:05:21] [Render thread/INFO] (Minecraft) Sound engine started
[21:05:21] [Render thread/INFO] (Minecraft) Created: 1024x512x4 minecraft:textures/atlas/blocks.png-atlas
[21:05:21] [Render thread/INFO] (Minecraft) Created: 256x256x4 minecraft:textures/atlas/signs.png-atlas
[21:05:21] [Render thread/INFO] (Minecraft) Created: 512x512x4 minecraft:textures/atlas/shield_patterns.png-atlas
[21:05:21] [Render thread/INFO] (Minecraft) Created: 512x512x4 minecraft:textures/atlas/banner_patterns.png-atlas
[21:05:21] [Render thread/INFO] (Minecraft) Created: 1024x1024x4 minecraft:textures/atlas/armor_trims.png-atlas
[21:05:21] [Render thread/INFO] (Minecraft) Created: 128x64x4 minecraft:textures/atlas/decorated_pot.png-atlas
[21:05:21] [Render thread/INFO] (Minecraft) Created: 256x256x4 minecraft:textures/atlas/chest.png-atlas
[21:05:21] [Render thread/INFO] (Minecraft) Created: 512x256x4 minecraft:textures/atlas/shulker_boxes.png-atlas
[21:05:21] [Render thread/INFO] (Minecraft) Created: 512x256x4 minecraft:textures/atlas/beds.png-atlas
[21:05:21] [Render thread/WARN] (Minecraft) Shader rendertype_entity_translucent_emissive could not find sampler named Sampler2 in the specified shader program.
[21:05:22] [Render thread/INFO] (Minecraft) Created: 512x256x0 minecraft:textures/atlas/particles.png-atlas
[21:05:22] [Render thread/INFO] (Minecraft) Created: 256x256x0 minecraft:textures/atlas/paintings.png-atlas
[21:05:22] [Render thread/INFO] (Minecraft) Created: 128x128x0 minecraft:textures/atlas/mob_effects.png-atlas
[21:05:22] [Render thread/INFO] (Minecraft) Created: 1024x512x0 minecraft:textures/atlas/gui.png-atlas
[21:05:22] [IO-Worker-1/INFO] (Minecraft) Could not authorize you against Realms server: Invalid session id
[21:05:22] [IO-Worker-1/ERROR] (Minecraft) Couldn't connect to realms
net.minecraft.client.realms.exception.RealmsServiceException: Realms authentication error with message 'Invalid session id'
	at net.minecraft.client.realms.RealmsClient.execute(RealmsClient.java:414) ~[minecraft-merged-dd71698084-1.20.4-net.fabricmc.yarn.1_20_4.1.20.4+build.3-v2.jar:?]
	at net.minecraft.client.realms.RealmsClient.clientCompatible(RealmsClient.java:207) ~[minecraft-merged-dd71698084-1.20.4-net.fabricmc.yarn.1_20_4.1.20.4+build.3-v2.jar:?]
	at net.minecraft.client.realms.RealmsAvailability.method_52627(RealmsAvailability.java:44) ~[minecraft-merged-dd71698084-1.20.4-net.fabricmc.yarn.1_20_4.1.20.4+build.3-v2.jar:?]
	at java.util.concurrent.CompletableFuture$AsyncSupply.run(CompletableFuture.java:1768) ~[?:?]
	at java.util.concurrent.ThreadPoolExecutor.runWorker(ThreadPoolExecutor.java:1136) ~[?:?]
	at java.util.concurrent.ThreadPoolExecutor$Worker.run(ThreadPoolExecutor.java:635) ~[?:?]
	at java.lang.Thread.run(Thread.java:840) ~[?:?]
[21:06:57] [Render thread/INFO] (Minecraft) Loaded 7 recipes
[21:06:58] [Render thread/INFO] (Minecraft) Loaded 1271 advancements
[21:06:58] [Render thread/INFO] (BiomeModificationImpl) Applied 0 biome modifications to 0 of 64 new biomes in 2.388 ms
[21:06:58] [Server thread/INFO] (Minecraft) Starting integrated minecraft server version 1.20.4
[21:06:58] [Server thread/INFO] (Minecraft) Generating keypair
[21:07:00] [Server thread/INFO] (Minecraft) Preparing start region for dimension minecraft:overworld
[21:07:04] [Render thread/INFO] (Minecraft) Preparing spawn area: 0%
[21:07:04] [Render thread/INFO] (Minecraft) Preparing spawn area: 0%
[21:07:04] [Render thread/INFO] (Minecraft) Preparing spawn area: 0%
[21:07:04] [Render thread/INFO] (Minecraft) Preparing spawn area: 0%
[21:07:04] [Render thread/INFO] (Minecraft) Preparing spawn area: 0%
[21:07:04] [Render thread/INFO] (Minecraft) Preparing spawn area: 0%
[21:07:04] [Render thread/INFO] (Minecraft) Preparing spawn area: 0%
[21:07:04] [Render thread/INFO] (Minecraft) Preparing spawn area: 0%
[21:07:04] [Render thread/INFO] (Minecraft) Preparing spawn area: 19%
[21:07:05] [Render thread/INFO] (Minecraft) Preparing spawn area: 63%
[21:07:05] [Render thread/INFO] (Minecraft) Time elapsed: 4662 ms
[21:07:05] [Server thread/INFO] (Minecraft) Changing view distance to 12, from 10
[21:07:05] [Server thread/INFO] (Minecraft) Changing simulation distance to 12, from 0
[21:07:06] [Server thread/INFO] (Minecraft) Player126[local:E:dec4eb1b] logged in with entity id 188 at (-14.441125032761263, 72.0, 21.2461668952873)
[21:07:06] [Server thread/INFO] (Minecraft) Player126 joined the game
[21:07:06] [Render thread/INFO] (Minecraft) Loaded 2 advancements
[21:07:13] [Server thread/INFO] (Minecraft) [Player126: Gave 1 [block.itkock.example_block] to Player126]
[21:07:13] [Render thread/INFO] (Minecraft) [System] [CHAT] Gave 1 [block.itkock.example_block] to Player126
[21:08:39] [Server thread/INFO] (Minecraft) Saving and pausing game...
[21:08:39] [Server thread/INFO] (Minecraft) Saving chunks for level 'ServerLevel[I love Mods]'/minecraft:overworld
[21:08:39] [Server thread/INFO] (Minecraft) Saving chunks for level 'ServerLevel[I love Mods]'/minecraft:the_end
[21:08:39] [Server thread/INFO] (Minecraft) Saving chunks for level 'ServerLevel[I love Mods]'/minecraft:the_nether
[21:08:40] [Server thread/INFO] (Minecraft) Player126 lost connection: Disconnected
[21:08:40] [Server thread/INFO] (Minecraft) Player126 left the game
[21:08:40] [Server thread/INFO] (Minecraft) Stopping singleplayer server as player logged out
[21:08:40] [Server thread/INFO] (Minecraft) Stopping server
[21:08:40] [Server thread/INFO] (Minecraft) Saving players
[21:08:40] [Server thread/INFO] (Minecraft) Saving worlds
[21:08:41] [Server thread/INFO] (Minecraft) Saving chunks for level 'ServerLevel[I love Mods]'/minecraft:overworld
[21:08:41] [Server thread/INFO] (Minecraft) Saving chunks for level 'ServerLevel[I love Mods]'/minecraft:the_end
[21:08:41] [Server thread/INFO] (Minecraft) Saving chunks for level 'ServerLevel[I love Mods]'/minecraft:the_nether
[21:08:41] [Server thread/INFO] (Minecraft) ThreadedAnvilChunkStorage (I love Mods): All chunks are saved
[21:08:41] [Server thread/INFO] (Minecraft) ThreadedAnvilChunkStorage (DIM1): All chunks are saved
[21:08:41] [Server thread/INFO] (Minecraft) ThreadedAnvilChunkStorage (DIM-1): All chunks are saved
[21:08:41] [Server thread/INFO] (Minecraft) ThreadedAnvilChunkStorage: All dimensions are saved
[21:10:58] [Render thread/INFO] (Minecraft) Stopping!
